Wed Dec 31 01:15:47 AM IST 2025

Top 5 Processes:
    PID    PPID CMD                         %MEM %CPU
   2224    1979 /usr/bin/gnome-shell        10.8  6.6
   2978    2224 /usr/libexec/mutter-x11-fra  2.3  0.0
   2833    1979 /usr/libexec/gsd-xsettings   1.7  0.0
   2346    2224 /usr/bin/Xwayland :0 -rootl  1.4  0.0
   5492    2224 gjs /usr/share/gnome-shell/  1.2  0.1
Wed Dec 31 07:02:26 AM IST 2025

Top 5 Processes:
    PID    PPID CMD                         %MEM %CPU
   2224    1979 /usr/bin/gnome-shell        10.9  7.0
   2978    2224 /usr/libexec/mutter-x11-fra  2.3  0.0
   2833    1979 /usr/libexec/gsd-xsettings   1.7  0.0
   2346    2224 /usr/bin/Xwayland :0 -rootl  1.4  0.0
   5492    2224 gjs /usr/share/gnome-shell/  1.3  0.2
Wed Dec 31 07:04:54 AM IST 2025

Top 5 Processes:
    PID    PPID CMD                         %MEM %CPU
   2224    1979 /usr/bin/gnome-shell        10.9  7.1
   2978    2224 /usr/libexec/mutter-x11-fra  2.3  0.0
   2833    1979 /usr/libexec/gsd-xsettings   1.7  0.0
   2346    2224 /usr/bin/Xwayland :0 -rootl  1.4  0.0
   5492    2224 gjs /usr/share/gnome-shell/  1.3  0.1
Wed Dec 31 07:07:08 AM IST 2025
⚠ HIGH MEMORY USAGE: 28% 
⚠ DISK USAGE HIGH: 11% 

Top 5 Processes:
    PID    PPID CMD                         %MEM %CPU
   2224    1979 /usr/bin/gnome-shell        10.9  7.1
   2978    2224 /usr/libexec/mutter-x11-fra  2.3  0.0
   2833    1979 /usr/libexec/gsd-xsettings   1.7  0.0
   2346    2224 /usr/bin/Xwayland :0 -rootl  1.4  0.0
   5492    2224 gjs /usr/share/gnome-shell/  1.3  0.1
Wed Dec 31 07:51:13 AM IST 2025
⚠ HIGH CPU USAGE: 1%
⚠ HIGH MEMORY USAGE: 28%
⚠ DISK USAGE HIGH: 11%

Top 5 Processes:
    PID    PPID CMD                         %MEM %CPU
   2224    1979 /usr/bin/gnome-shell        10.8  7.7
   2978    2224 /usr/libexec/mutter-x11-fra  2.3  0.0
   2833    1979 /usr/libexec/gsd-xsettings   1.7  0.0
   2346    2224 /usr/bin/Xwayland :0 -rootl  1.4  0.0
   9071    2224 gjs /usr/share/gnome-shell/  1.2  0.3
Wed Dec 31 08:12:05 AM IST 2025
⚠ HIGH CPU USAGE: 3%
⚠ HIGH MEMORY USAGE: 28%
⚠ DISK USAGE HIGH: 11%

Top 5 Processes:
    PID    PPID CMD                         %MEM %CPU
   2224    1979 /usr/bin/gnome-shell        10.8  7.4
   2978    2224 /usr/libexec/mutter-x11-fra  2.3  0.0
   2833    1979 /usr/libexec/gsd-xsettings   1.7  0.0
   2346    2224 /usr/bin/Xwayland :0 -rootl  1.4  0.0
  10359    2224 gjs /usr/share/gnome-shell/  1.2  0.5
Wed Dec 31 08:21:10 AM IST 2025
⚠ HIGH CPU USAGE: 3%
⚠ HIGH MEMORY USAGE: 28%
⚠ DISK USAGE HIGH: 11%

Top 5 Processes:
    PID    PPID CMD                         %MEM %CPU
   2224    1979 /usr/bin/gnome-shell        10.8  7.4
   2978    2224 /usr/libexec/mutter-x11-fra  2.3  0.0
   2833    1979 /usr/libexec/gsd-xsettings   1.7  0.0
   2346    2224 /usr/bin/Xwayland :0 -rootl  1.4  0.0
  10359    2224 gjs /usr/share/gnome-shell/  1.2  0.1
Wed Dec 31 08:35:55 AM IST 2025
⚠ HIGH MEMORY USAGE: 29%
⚠ DISK USAGE HIGH: 12%

Top 5 Processes:
    PID    PPID CMD                         %MEM %CPU
   2224    1979 /usr/bin/gnome-shell        10.8  7.6
   2978    2224 /usr/libexec/mutter-x11-fra  2.3  0.0
   2833    1979 /usr/libexec/gsd-xsettings   1.7  0.0
   2346    2224 /usr/bin/Xwayland :0 -rootl  1.4  0.0
  10359    2224 gjs /usr/share/gnome-shell/  1.3  0.1
Wed Dec 31 08:50:02 AM IST 2025
⚠ HIGH CPU USAGE: 3%
⚠ HIGH MEMORY USAGE: 28%
⚠ DISK USAGE HIGH: 12%

Top 5 Processes:
    PID    PPID CMD                         %MEM %CPU
   2224    1979 /usr/bin/gnome-shell        10.8  7.4
   2978    2224 /usr/libexec/mutter-x11-fra  2.3  0.0
   2833    1979 /usr/libexec/gsd-xsettings   1.7  0.0
   2346    2224 /usr/bin/Xwayland :0 -rootl  1.4  0.0
   7989    1979 /usr/libexec/gnome-terminal  1.2  0.9
Wed Dec 31 09:00:02 AM IST 2025
⚠ HIGH CPU USAGE: 1%
⚠ HIGH MEMORY USAGE: 29%
⚠ DISK USAGE HIGH: 12%

Top 5 Processes:
    PID    PPID CMD                         %MEM %CPU
   2224    1979 /usr/bin/gnome-shell        10.9  7.3
   2978    2224 /usr/libexec/mutter-x11-fra  2.3  0.0
   2833    1979 /usr/libexec/gsd-xsettings   1.7  0.0
   2346    2224 /usr/bin/Xwayland :0 -rootl  1.4  0.0
  25506    2224 gjs /usr/share/gnome-shell/  1.3  1.3
Wed Dec 31 09:10:01 AM IST 2025
⚠ HIGH CPU USAGE: 3%
⚠ HIGH MEMORY USAGE: 28%
⚠ DISK USAGE HIGH: 12%

Top 5 Processes:
    PID    PPID CMD                         %MEM %CPU
   2224    1979 /usr/bin/gnome-shell        10.8  7.1
   2978    2224 /usr/libexec/mutter-x11-fra  2.3  0.0
   2833    1979 /usr/libexec/gsd-xsettings   1.7  0.0
   2346    2224 /usr/bin/Xwayland :0 -rootl  1.4  0.0
   7989    1979 /usr/libexec/gnome-terminal  1.2  0.8
Wed Dec 31 09:20:02 AM IST 2025
⚠ HIGH CPU USAGE: 1%
⚠ HIGH MEMORY USAGE: 28%
⚠ DISK USAGE HIGH: 12%

Top 5 Processes:
    PID    PPID CMD                         %MEM %CPU
   2224    1979 /usr/bin/gnome-shell        10.8  6.9
   2978    2224 /usr/libexec/mutter-x11-fra  2.3  0.0
   2833    1979 /usr/libexec/gsd-xsettings   1.7  0.0
   2346    2224 /usr/bin/Xwayland :0 -rootl  1.4  0.0
   7989    1979 /usr/libexec/gnome-terminal  1.2  0.7
Wed Dec 31 09:30:01 AM IST 2025
⚠ HIGH CPU USAGE: 1%
⚠ HIGH MEMORY USAGE: 28%
⚠ DISK USAGE HIGH: 12%

Top 5 Processes:
    PID    PPID CMD                         %MEM %CPU
   2224    1979 /usr/bin/gnome-shell        10.8  6.8
   2978    2224 /usr/libexec/mutter-x11-fra  2.3  0.0
   2833    1979 /usr/libexec/gsd-xsettings   1.7  0.0
   2346    2224 /usr/bin/Xwayland :0 -rootl  1.4  0.0
   7989    1979 /usr/libexec/gnome-terminal  1.2  0.7
Wed Dec 31 09:40:01 AM IST 2025
⚠ HIGH CPU USAGE: 1%
⚠ HIGH MEMORY USAGE: 28%
⚠ DISK USAGE HIGH: 12%

Top 5 Processes:
    PID    PPID CMD                         %MEM %CPU
   2224    1979 /usr/bin/gnome-shell        10.8  6.6
   2978    2224 /usr/libexec/mutter-x11-fra  2.3  0.0
   2833    1979 /usr/libexec/gsd-xsettings   1.7  0.0
   2346    2224 /usr/bin/Xwayland :0 -rootl  1.4  0.0
   7989    1979 /usr/libexec/gnome-terminal  1.2  0.6
Wed Dec 31 09:50:02 AM IST 2025
⚠ HIGH CPU USAGE: 3%
⚠ HIGH MEMORY USAGE: 30%
⚠ DISK USAGE HIGH: 12%

Top 5 Processes:
    PID    PPID CMD                         %MEM %CPU
   2224    1979 /usr/bin/gnome-shell        10.9  6.7
   2978    2224 /usr/libexec/mutter-x11-fra  2.3  0.0
   2833    1979 /usr/libexec/gsd-xsettings   1.7  0.0
   2346    2224 /usr/bin/Xwayland :0 -rootl  1.4  0.0
  25939    2224 gjs /usr/share/gnome-shell/  1.3  0.4
Wed Dec 31 10:00:02 AM IST 2025
⚠ HIGH CPU USAGE: 4%
⚠ HIGH MEMORY USAGE: 30%
⚠ DISK USAGE HIGH: 12%

Top 5 Processes:
    PID    PPID CMD                         %MEM %CPU
   2224    1979 /usr/bin/gnome-shell        10.9  6.7
   2978    2224 /usr/libexec/mutter-x11-fra  2.3  0.0
   2833    1979 /usr/libexec/gsd-xsettings   1.7  0.0
   2346    2224 /usr/bin/Xwayland :0 -rootl  1.4  0.0
  25939    2224 gjs /usr/share/gnome-shell/  1.3  0.1
